<?xml version="1.0" encoding="UTF-8"?>
<!-- Generated by org.testng.reporters.JUnitReportReporter -->
<testsuite hostname="d7f636ede658572" failures="0" tests="1" name="com.test.Problem1" time="5.782" errors="0" timestamp="2024-11-25T13:02:39 IST" skipped="0">
  <testcase classname="com.test.Problem1" name="testLogin" time="5.782"/>
</testsuite> <!-- com.test.Problem1 -->
